
> plastic-packaging-website@1.0.0 dev
> next dev

  ▲ Next.js 14.2.35
  - Local:        http://localhost:3000

 ✓ Starting...
 ✓ Ready in 4.2s
 ○ Compiling / ...
 ✓ Compiled / in 6.9s (304 modules)
 ✓ Compiled in 522ms (304 modules)
Warning: A title element received an array with more than 1 element as children. In browsers title Elements can only have Text Nodes as children. If the children being rendered output more than a single text node in aggregate the browser will display markup and comments as text in the title and hydration will likely fail and fall back to client rendering
    at title
    at head
    at Head (webpack-internal:///./node_modules/next/dist/pages/_document.js:308:1)
    at html
    at Html (webpack-internal:///./node_modules/next/dist/pages/_document.js:782:132)
    at Document
 GET / 200 in 7833ms
 ○ Compiling /industries ...
 ✓ Compiled /industries in 551ms (308 modules)
Warning: A title element received an array with more than 1 element as children. In browsers title Elements can only have Text Nodes as children. If the children being rendered output more than a single text node in aggregate the browser will display markup and comments as text in the title and hydration will likely fail and fall back to client rendering
    at title
    at head
    at Head (webpack-internal:///./node_modules/next/dist/pages/_document.js:308:1)
    at html
    at Html (webpack-internal:///./node_modules/next/dist/pages/_document.js:782:132)
    at Document
 GET /industries 200 in 709ms
 ○ Compiling /admin ...
 ✓ Compiled /admin in 1320ms (343 modules)
 GET /admin 200 in 1939ms
 GET /admin 200 in 69ms
 GET /admin 200 in 15ms
^C